{"/Users/nguyenquangminh/Desktop/RNCalculator/App.js": {"path":"/Users/nguyenquangminh/Desktop/RNCalculator/App.js","statementMap":{"0":{"start":{"line":7,"column":15},"end":{"line":7,"column":35}},"1":{"start":{"line":10,"column":2},"end":{"line":14,"column":3}}},"fnMap":{"0":{"name":"App","decl":{"start":{"line":9,"column":24},"end":{"line":9,"column":27}},"loc":{"start":{"line":9,"column":30},"end":{"line":15,"column":1}},"line":9}},"branchMap":{},"s":{"0":1,"1":1},"f":{"0":1},"b":{},"_coverageSchema":"43e27e138ebf9cfc5966b082cf9a028302ed4184","hash":"aa63224e837e1820ea0671fb5fd123ad312dd458"}
,"/Users/nguyenquangminh/Desktop/RNCalculator/src/Button.js": {"path":"/Users/nguyenquangminh/Desktop/RNCalculator/src/Button.js","statementMap":{"0":{"start":{"line":7,"column":15},"end":{"line":38,"column":1}},"1":{"start":{"line":8,"column":22},"end":{"line":31,"column":3}},"2":{"start":{"line":9,"column":4},"end":{"line":30,"column":5}},"3":{"start":{"line":10,"column":6},"end":{"line":10,"column":23}},"4":{"start":{"line":12,"column":6},"end":{"line":29,"column":7}},"5":{"start":{"line":14,"column":10},"end":{"line":14,"column":22}},"6":{"start":{"line":15,"column":10},"end":{"line":15,"column":15}},"7":{"start":{"line":18,"column":10},"end":{"line":18,"column":22}},"8":{"start":{"line":19,"column":10},"end":{"line":19,"column":15}},"9":{"start":{"line":22,"column":10},"end":{"line":22,"column":20}},"10":{"start":{"line":23,"column":10},"end":{"line":23,"column":15}},"11":{"start":{"line":26,"column":10},"end":{"line":26,"column":29}},"12":{"start":{"line":27,"column":10},"end":{"line":27,"column":15}},"13":{"start":{"line":33,"column":2},"end":{"line":37,"column":3}},"14":{"start":{"line":40,"column":19},"end":{"line":40,"column":37}},"15":{"start":{"line":41,"column":27},"end":{"line":47,"column":1}}},"fnMap":{"0":{"name":"(anonymous_0)","decl":{"start":{"line":7,"column":15},"end":{"line":7,"column":16}},"loc":{"start":{"line":7,"column":103},"end":{"line":38,"column":1}},"line":7},"1":{"name":"(anonymous_1)","decl":{"start":{"line":8,"column":22},"end":{"line":8,"column":23}},"loc":{"start":{"line":8,"column":28},"end":{"line":31,"column":3}},"line":8}},"branchMap":{"0":{"loc":{"start":{"line":9,"column":4},"end":{"line":30,"column":5}},"type":"if","locations":[{"start":{"line":9,"column":4},"end":{"line":30,"column":5}},{"start":{"line":9,"column":4},"end":{"line":30,"column":5}}],"line":9},"1":{"loc":{"start":{"line":12,"column":6},"end":{"line":29,"column":7}},"type":"switch","locations":[{"start":{"line":13,"column":8},"end":{"line":16,"column":9}},{"start":{"line":17,"column":8},"end":{"line":20,"column":9}},{"start":{"line":21,"column":8},"end":{"line":24,"column":9}},{"start":{"line":25,"column":8},"end":{"line":28,"column":9}}],"line":12},"2":{"loc":{"start":{"line":34,"column":70},"end":{"line":34,"column":88}},"type":"cond-expr","locations":[{"start":{"line":34,"column":83},"end":{"line":34,"column":84}},{"start":{"line":34,"column":87},"end":{"line":34,"column":88}}],"line":34}},"s":{"0":1,"1":0,"2":0,"3":0,"4":0,"5":0,"6":0,"7":0,"8":0,"9":0,"10":0,"11":0,"12":0,"13":0,"14":1,"15":1},"f":{"0":0,"1":0},"b":{"0":[0,0],"1":[0,0,0,0],"2":[0,0]},"_coverageSchema":"43e27e138ebf9cfc5966b082cf9a028302ed4184","hash":"bef4a61b10380641db2edc04a2a0da19e174f2eb"}
,"/Users/nguyenquangminh/Desktop/RNCalculator/src/Screen.js": {"path":"/Users/nguyenquangminh/Desktop/RNCalculator/src/Screen.js","statementMap":{"0":{"start":{"line":8,"column":15},"end":{"line":42,"column":1}},"1":{"start":{"line":9,"column":38},"end":{"line":9,"column":49}},"2":{"start":{"line":11,"column":23},"end":{"line":11,"column":67}},"3":{"start":{"line":12,"column":24},"end":{"line":12,"column":107}},"4":{"start":{"line":13,"column":19},"end":{"line":13,"column":115}},"5":{"start":{"line":15,"column":2},"end":{"line":41,"column":3}},"6":{"start":{"line":23,"column":12},"end":{"line":29,"column":13}},"7":{"start":{"line":26,"column":18},"end":{"line":26,"column":62}},"8":{"start":{"line":35,"column":14},"end":{"line":35,"column":47}},"9":{"start":{"line":43,"column":24},"end":{"line":45,"column":2}},"10":{"start":{"line":43,"column":34},"end":{"line":45,"column":1}}},"fnMap":{"0":{"name":"(anonymous_0)","decl":{"start":{"line":8,"column":15},"end":{"line":8,"column":16}},"loc":{"start":{"line":8,"column":36},"end":{"line":42,"column":1}},"line":8},"1":{"name":"(anonymous_1)","decl":{"start":{"line":22,"column":36},"end":{"line":22,"column":37}},"loc":{"start":{"line":22,"column":52},"end":{"line":30,"column":11}},"line":22},"2":{"name":"(anonymous_2)","decl":{"start":{"line":25,"column":25},"end":{"line":25,"column":26}},"loc":{"start":{"line":26,"column":18},"end":{"line":26,"column":62}},"line":26},"3":{"name":"(anonymous_3)","decl":{"start":{"line":34,"column":40},"end":{"line":34,"column":41}},"loc":{"start":{"line":35,"column":14},"end":{"line":35,"column":47}},"line":35},"4":{"name":"(anonymous_4)","decl":{"start":{"line":43,"column":24},"end":{"line":43,"column":25}},"loc":{"start":{"line":43,"column":34},"end":{"line":45,"column":1}},"line":43}},"branchMap":{"0":{"loc":{"start":{"line":12,"column":24},"end":{"line":12,"column":107}},"type":"cond-expr","locations":[{"start":{"line":12,"column":65},"end":{"line":12,"column":85}},{"start":{"line":12,"column":88},"end":{"line":12,"column":107}}],"line":12},"1":{"loc":{"start":{"line":13,"column":19},"end":{"line":13,"column":115}},"type":"cond-expr","locations":[{"start":{"line":13,"column":52},"end":{"line":13,"column":102}},{"start":{"line":13,"column":105},"end":{"line":13,"column":115}}],"line":13}},"s":{"0":1,"1":0,"2":0,"3":0,"4":0,"5":0,"6":0,"7":0,"8":0,"9":1,"10":0},"f":{"0":0,"1":0,"2":0,"3":0,"4":0},"b":{"0":[0,0],"1":[0,0]},"_coverageSchema":"43e27e138ebf9cfc5966b082cf9a028302ed4184","hash":"4058a0251a5b91f88ebce9b6141402108dc4d81e"}
,"/Users/nguyenquangminh/Desktop/RNCalculator/src/actions.js": {"path":"/Users/nguyenquangminh/Desktop/RNCalculator/src/actions.js","statementMap":{"0":{"start":{"line":9,"column":27},"end":{"line":11,"column":1}},"1":{"start":{"line":10,"column":2},"end":{"line":10,"column":43}},"2":{"start":{"line":13,"column":29},"end":{"line":15,"column":1}},"3":{"start":{"line":14,"column":2},"end":{"line":14,"column":49}},"4":{"start":{"line":17,"column":26},"end":{"line":19,"column":1}},"5":{"start":{"line":18,"column":2},"end":{"line":18,"column":30}},"6":{"start":{"line":21,"column":26},"end":{"line":23,"column":1}},"7":{"start":{"line":22,"column":2},"end":{"line":22,"column":30}},"8":{"start":{"line":25,"column":24},"end":{"line":27,"column":1}},"9":{"start":{"line":26,"column":2},"end":{"line":26,"column":28}}},"fnMap":{"0":{"name":"(anonymous_0)","decl":{"start":{"line":9,"column":27},"end":{"line":9,"column":28}},"loc":{"start":{"line":9,"column":41},"end":{"line":11,"column":1}},"line":9},"1":{"name":"(anonymous_1)","decl":{"start":{"line":13,"column":29},"end":{"line":13,"column":30}},"loc":{"start":{"line":13,"column":47},"end":{"line":15,"column":1}},"line":13},"2":{"name":"(anonymous_2)","decl":{"start":{"line":17,"column":26},"end":{"line":17,"column":27}},"loc":{"start":{"line":17,"column":32},"end":{"line":19,"column":1}},"line":17},"3":{"name":"(anonymous_3)","decl":{"start":{"line":21,"column":26},"end":{"line":21,"column":27}},"loc":{"start":{"line":21,"column":32},"end":{"line":23,"column":1}},"line":21},"4":{"name":"(anonymous_4)","decl":{"start":{"line":25,"column":24},"end":{"line":25,"column":25}},"loc":{"start":{"line":25,"column":30},"end":{"line":27,"column":1}},"line":25}},"branchMap":{},"s":{"0":1,"1":0,"2":1,"3":0,"4":1,"5":0,"6":1,"7":0,"8":1,"9":0},"f":{"0":0,"1":0,"2":0,"3":0,"4":0},"b":{},"_coverageSchema":"43e27e138ebf9cfc5966b082cf9a028302ed4184","hash":"1de1d13b0321318284c6fa8b736f0b47ddfe3f8c"}
,"/Users/nguyenquangminh/Desktop/RNCalculator/src/constants.js": {"path":"/Users/nguyenquangminh/Desktop/RNCalculator/src/constants.js","statementMap":{"0":{"start":{"line":3,"column":24},"end":{"line":6,"column":1}},"1":{"start":{"line":8,"column":28},"end":{"line":16,"column":1}},"2":{"start":{"line":18,"column":28},"end":{"line":18,"column":42}},"3":{"start":{"line":19,"column":30},"end":{"line":19,"column":46}},"4":{"start":{"line":20,"column":27},"end":{"line":20,"column":40}},"5":{"start":{"line":21,"column":25},"end":{"line":21,"column":36}},"6":{"start":{"line":22,"column":27},"end":{"line":22,"column":40}},"7":{"start":{"line":24,"column":32},"end":{"line":24,"column":33}},"8":{"start":{"line":25,"column":30},"end":{"line":25,"column":31}},"9":{"start":{"line":26,"column":21},"end":{"line":26,"column":31}},"10":{"start":{"line":27,"column":26},"end":{"line":27,"column":28}},"11":{"start":{"line":29,"column":35},"end":{"line":44,"column":1}},"12":{"start":{"line":30,"column":21},"end":{"line":30,"column":23}},"13":{"start":{"line":31,"column":2},"end":{"line":38,"column":3}},"14":{"start":{"line":32,"column":4},"end":{"line":32,"column":30}},"15":{"start":{"line":34,"column":23},"end":{"line":34,"column":53}},"16":{"start":{"line":35,"column":24},"end":{"line":35,"column":45}},"17":{"start":{"line":36,"column":26},"end":{"line":36,"column":68}},"18":{"start":{"line":37,"column":4},"end":{"line":37,"column":108}},"19":{"start":{"line":39,"column":23},"end":{"line":39,"column":46}},"20":{"start":{"line":40,"column":22},"end":{"line":40,"column":108}},"21":{"start":{"line":41,"column":2},"end":{"line":41,"column":94}},"22":{"start":{"line":42,"column":2},"end":{"line":42,"column":81}},"23":{"start":{"line":43,"column":2},"end":{"line":43,"column":21}}},"fnMap":{"0":{"name":"(anonymous_0)","decl":{"start":{"line":29,"column":35},"end":{"line":29,"column":36}},"loc":{"start":{"line":29,"column":64},"end":{"line":44,"column":1}},"line":29}},"branchMap":{"0":{"loc":{"start":{"line":31,"column":2},"end":{"line":38,"column":3}},"type":"if","locations":[{"start":{"line":31,"column":2},"end":{"line":38,"column":3}},{"start":{"line":31,"column":2},"end":{"line":38,"column":3}}],"line":31},"1":{"loc":{"start":{"line":37,"column":19},"end":{"line":37,"column":108}},"type":"cond-expr","locations":[{"start":{"line":37,"column":35},"end":{"line":37,"column":70}},{"start":{"line":37,"column":73},"end":{"line":37,"column":108}}],"line":37},"2":{"loc":{"start":{"line":40,"column":22},"end":{"line":40,"column":108}},"type":"cond-expr","locations":[{"start":{"line":40,"column":52},"end":{"line":40,"column":67}},{"start":{"line":40,"column":70},"end":{"line":40,"column":108}}],"line":40},"3":{"loc":{"start":{"line":41,"column":17},"end":{"line":41,"column":94}},"type":"cond-expr","locations":[{"start":{"line":41,"column":45},"end":{"line":41,"column":80}},{"start":{"line":41,"column":83},"end":{"line":41,"column":94}}],"line":41},"4":{"loc":{"start":{"line":42,"column":17},"end":{"line":42,"column":81}},"type":"cond-expr","locations":[{"start":{"line":42,"column":50},"end":{"line":42,"column":66}},{"start":{"line":42,"column":69},"end":{"line":42,"column":81}}],"line":42}},"s":{"0":1,"1":1,"2":1,"3":1,"4":1,"5":1,"6":1,"7":1,"8":1,"9":1,"10":1,"11":1,"12":0,"13":0,"14":0,"15":0,"16":0,"17":0,"18":0,"19":0,"20":0,"21":0,"22":0,"23":0},"f":{"0":0},"b":{"0":[0,0],"1":[0,0],"2":[0,0],"3":[0,0],"4":[0,0]},"_coverageSchema":"43e27e138ebf9cfc5966b082cf9a028302ed4184","hash":"1bdcab631d06dccbcd0a87e6a3432a67d882cb98"}
,"/Users/nguyenquangminh/Desktop/RNCalculator/src/reducer.js": {"path":"/Users/nguyenquangminh/Desktop/RNCalculator/src/reducer.js","statementMap":{"0":{"start":{"line":5,"column":21},"end":{"line":10,"column":1}},"1":{"start":{"line":12,"column":20},"end":{"line":108,"column":1}},"2":{"start":{"line":13,"column":2},"end":{"line":107,"column":3}},"3":{"start":{"line":15,"column":54},"end":{"line":15,"column":59}},"4":{"start":{"line":16,"column":29},"end":{"line":16,"column":45}},"5":{"start":{"line":17,"column":27},"end":{"line":17,"column":91}},"6":{"start":{"line":18,"column":24},"end":{"line":18,"column":85}},"7":{"start":{"line":19,"column":6},"end":{"line":21,"column":7}},"8":{"start":{"line":20,"column":8},"end":{"line":20,"column":20}},"9":{"start":{"line":22,"column":6},"end":{"line":29,"column":7}},"10":{"start":{"line":33,"column":33},"end":{"line":33,"column":39}},"11":{"start":{"line":34,"column":27},"end":{"line":34,"column":32}},"12":{"start":{"line":35,"column":33},"end":{"line":35,"column":53}},"13":{"start":{"line":36,"column":6},"end":{"line":55,"column":7}},"14":{"start":{"line":37,"column":26},"end":{"line":37,"column":91}},"15":{"start":{"line":38,"column":8},"end":{"line":38,"column":88}},"16":{"start":{"line":39,"column":8},"end":{"line":44,"column":9}},"17":{"start":{"line":46,"column":8},"end":{"line":53,"column":9}},"18":{"start":{"line":47,"column":10},"end":{"line":52,"column":11}},"19":{"start":{"line":54,"column":8},"end":{"line":54,"column":20}},"20":{"start":{"line":59,"column":43},"end":{"line":59,"column":48}},"21":{"start":{"line":60,"column":6},"end":{"line":62,"column":7}},"22":{"start":{"line":61,"column":8},"end":{"line":61,"column":67}},"23":{"start":{"line":63,"column":6},"end":{"line":65,"column":7}},"24":{"start":{"line":64,"column":8},"end":{"line":64,"column":84}},"25":{"start":{"line":66,"column":24},"end":{"line":66,"column":93}},"26":{"start":{"line":67,"column":6},"end":{"line":70,"column":23}},"27":{"start":{"line":71,"column":6},"end":{"line":71,"column":95}},"28":{"start":{"line":72,"column":6},"end":{"line":78,"column":7}},"29":{"start":{"line":82,"column":46},"end":{"line":82,"column":51}},"30":{"start":{"line":83,"column":6},"end":{"line":90,"column":7}},"31":{"start":{"line":84,"column":8},"end":{"line":89,"column":9}},"32":{"start":{"line":91,"column":6},"end":{"line":98,"column":11}},"33":{"start":{"line":102,"column":6},"end":{"line":102,"column":25}},"34":{"start":{"line":106,"column":6},"end":{"line":106,"column":18}}},"fnMap":{"0":{"name":"(anonymous_0)","decl":{"start":{"line":12,"column":20},"end":{"line":12,"column":21}},"loc":{"start":{"line":12,"column":54},"end":{"line":108,"column":1}},"line":12}},"branchMap":{"0":{"loc":{"start":{"line":12,"column":21},"end":{"line":12,"column":41}},"type":"default-arg","locations":[{"start":{"line":12,"column":29},"end":{"line":12,"column":41}}],"line":12},"1":{"loc":{"start":{"line":13,"column":2},"end":{"line":107,"column":3}},"type":"switch","locations":[{"start":{"line":14,"column":4},"end":{"line":30,"column":5}},{"start":{"line":32,"column":4},"end":{"line":56,"column":5}},{"start":{"line":58,"column":4},"end":{"line":79,"column":5}},{"start":{"line":81,"column":4},"end":{"line":99,"column":5}},{"start":{"line":101,"column":4},"end":{"line":103,"column":5}},{"start":{"line":105,"column":4},"end":{"line":106,"column":18}}],"line":13},"2":{"loc":{"start":{"line":17,"column":27},"end":{"line":17,"column":91}},"type":"cond-expr","locations":[{"start":{"line":17,"column":44},"end":{"line":17,"column":86}},{"start":{"line":17,"column":89},"end":{"line":17,"column":91}}],"line":17},"3":{"loc":{"start":{"line":19,"column":6},"end":{"line":21,"column":7}},"type":"if","locations":[{"start":{"line":19,"column":6},"end":{"line":21,"column":7}},{"start":{"line":19,"column":6},"end":{"line":21,"column":7}}],"line":19},"4":{"loc":{"start":{"line":19,"column":10},"end":{"line":19,"column":95}},"type":"binary-expr","locations":[{"start":{"line":19,"column":10},"end":{"line":19,"column":36}},{"start":{"line":19,"column":40},"end":{"line":19,"column":95}}],"line":19},"5":{"loc":{"start":{"line":26,"column":10},"end":{"line":28,"column":48}},"type":"cond-expr","locations":[{"start":{"line":27,"column":14},"end":{"line":27,"column":39}},{"start":{"line":28,"column":14},"end":{"line":28,"column":48}}],"line":26},"6":{"loc":{"start":{"line":26,"column":10},"end":{"line":26,"column":79}},"type":"binary-expr","locations":[{"start":{"line":26,"column":10},"end":{"line":26,"column":32}},{"start":{"line":26,"column":37},"end":{"line":26,"column":48}},{"start":{"line":26,"column":52},"end":{"line":26,"column":67}},{"start":{"line":26,"column":71},"end":{"line":26,"column":78}}],"line":26},"7":{"loc":{"start":{"line":36,"column":6},"end":{"line":55,"column":7}},"type":"if","locations":[{"start":{"line":36,"column":6},"end":{"line":55,"column":7}},{"start":{"line":36,"column":6},"end":{"line":55,"column":7}}],"line":36},"8":{"loc":{"start":{"line":37,"column":26},"end":{"line":37,"column":91}},"type":"binary-expr","locations":[{"start":{"line":37,"column":26},"end":{"line":37,"column":44}},{"start":{"line":37,"column":48},"end":{"line":37,"column":91}}],"line":37},"9":{"loc":{"start":{"line":38,"column":21},"end":{"line":38,"column":88}},"type":"cond-expr","locations":[{"start":{"line":38,"column":33},"end":{"line":38,"column":75}},{"start":{"line":38,"column":78},"end":{"line":38,"column":88}}],"line":38},"10":{"loc":{"start":{"line":46,"column":8},"end":{"line":53,"column":9}},"type":"if","locations":[{"start":{"line":46,"column":8},"end":{"line":53,"column":9}},{"start":{"line":46,"column":8},"end":{"line":53,"column":9}}],"line":46},"11":{"loc":{"start":{"line":60,"column":6},"end":{"line":62,"column":7}},"type":"if","locations":[{"start":{"line":60,"column":6},"end":{"line":62,"column":7}},{"start":{"line":60,"column":6},"end":{"line":62,"column":7}}],"line":60},"12":{"loc":{"start":{"line":63,"column":6},"end":{"line":65,"column":7}},"type":"if","locations":[{"start":{"line":63,"column":6},"end":{"line":65,"column":7}},{"start":{"line":63,"column":6},"end":{"line":65,"column":7}}],"line":63},"13":{"loc":{"start":{"line":68,"column":8},"end":{"line":70,"column":23}},"type":"cond-expr","locations":[{"start":{"line":69,"column":12},"end":{"line":69,"column":50}},{"start":{"line":70,"column":12},"end":{"line":70,"column":23}}],"line":68},"14":{"loc":{"start":{"line":68,"column":8},"end":{"line":68,"column":78}},"type":"binary-expr","locations":[{"start":{"line":68,"column":8},"end":{"line":68,"column":45}},{"start":{"line":68,"column":49},"end":{"line":68,"column":78}}],"line":68},"15":{"loc":{"start":{"line":71,"column":20},"end":{"line":71,"column":95}},"type":"cond-expr","locations":[{"start":{"line":71,"column":74},"end":{"line":71,"column":81}},{"start":{"line":71,"column":84},"end":{"line":71,"column":95}}],"line":71},"16":{"loc":{"start":{"line":71,"column":20},"end":{"line":71,"column":71}},"type":"binary-expr","locations":[{"start":{"line":71,"column":20},"end":{"line":71,"column":46}},{"start":{"line":71,"column":50},"end":{"line":71,"column":71}}],"line":71},"17":{"loc":{"start":{"line":83,"column":6},"end":{"line":90,"column":7}},"type":"if","locations":[{"start":{"line":83,"column":6},"end":{"line":90,"column":7}},{"start":{"line":83,"column":6},"end":{"line":90,"column":7}}],"line":83},"18":{"loc":{"start":{"line":83,"column":10},"end":{"line":83,"column":40}},"type":"binary-expr","locations":[{"start":{"line":83,"column":10},"end":{"line":83,"column":21}},{"start":{"line":83,"column":25},"end":{"line":83,"column":40}}],"line":83},"19":{"loc":{"start":{"line":91,"column":13},"end":{"line":98,"column":11}},"type":"cond-expr","locations":[{"start":{"line":92,"column":10},"end":{"line":92,"column":15}},{"start":{"line":93,"column":10},"end":{"line":98,"column":11}}],"line":91},"20":{"loc":{"start":{"line":96,"column":24},"end":{"line":96,"column":102}},"type":"cond-expr","locations":[{"start":{"line":96,"column":61},"end":{"line":96,"column":77}},{"start":{"line":96,"column":80},"end":{"line":96,"column":102}}],"line":96}},"s":{"0":1,"1":1,"2":3,"3":0,"4":0,"5":0,"6":0,"7":0,"8":0,"9":0,"10":0,"11":0,"12":0,"13":0,"14":0,"15":0,"16":0,"17":0,"18":0,"19":0,"20":0,"21":0,"22":0,"23":0,"24":0,"25":0,"26":0,"27":0,"28":0,"29":0,"30":0,"31":0,"32":0,"33":0,"34":3},"f":{"0":3},"b":{"0":[3],"1":[0,0,0,0,0,3],"2":[0,0],"3":[0,0],"4":[0,0],"5":[0,0],"6":[0,0,0,0],"7":[0,0],"8":[0,0],"9":[0,0],"10":[0,0],"11":[0,0],"12":[0,0],"13":[0,0],"14":[0,0],"15":[0,0],"16":[0,0],"17":[0,0],"18":[0,0],"19":[0,0],"20":[0,0]},"_coverageSchema":"43e27e138ebf9cfc5966b082cf9a028302ed4184","hash":"5ac404b729b1f8ec96bc103d5df4590b7d0517e5"}
,"/Users/nguyenquangminh/Desktop/RNCalculator/src/styles.js": {"path":"/Users/nguyenquangminh/Desktop/RNCalculator/src/styles.js","statementMap":{},"fnMap":{},"branchMap":{},"s":{},"f":{},"b":{},"_coverageSchema":"43e27e138ebf9cfc5966b082cf9a028302ed4184","hash":"64739ad1a31b254a51bd9e05543e8ce38e98f11d"}
}
