{"/Users/nguyenquangminh/Desktop/RNCalculator/App.js": {"path":"/Users/nguyenquangminh/Desktop/RNCalculator/App.js","statementMap":{"0":{"start":{"line":7,"column":15},"end":{"line":7,"column":35}},"1":{"start":{"line":10,"column":2},"end":{"line":14,"column":3}}},"fnMap":{"0":{"name":"App","decl":{"start":{"line":9,"column":24},"end":{"line":9,"column":27}},"loc":{"start":{"line":9,"column":30},"end":{"line":15,"column":1}},"line":9}},"branchMap":{},"s":{"0":1,"1":1},"f":{"0":1},"b":{},"_coverageSchema":"43e27e138ebf9cfc5966b082cf9a028302ed4184","hash":"aa63224e837e1820ea0671fb5fd123ad312dd458"}
,"/Users/nguyenquangminh/Desktop/RNCalculator/src/Button.js": {"path":"/Users/nguyenquangminh/Desktop/RNCalculator/src/Button.js","statementMap":{"0":{"start":{"line":7,"column":22},"end":{"line":38,"column":1}},"1":{"start":{"line":8,"column":22},"end":{"line":31,"column":3}},"2":{"start":{"line":9,"column":4},"end":{"line":30,"column":5}},"3":{"start":{"line":10,"column":6},"end":{"line":10,"column":23}},"4":{"start":{"line":12,"column":6},"end":{"line":29,"column":7}},"5":{"start":{"line":14,"column":10},"end":{"line":14,"column":22}},"6":{"start":{"line":15,"column":10},"end":{"line":15,"column":15}},"7":{"start":{"line":18,"column":10},"end":{"line":18,"column":22}},"8":{"start":{"line":19,"column":10},"end":{"line":19,"column":15}},"9":{"start":{"line":22,"column":10},"end":{"line":22,"column":20}},"10":{"start":{"line":23,"column":10},"end":{"line":23,"column":15}},"11":{"start":{"line":26,"column":10},"end":{"line":26,"column":29}},"12":{"start":{"line":27,"column":10},"end":{"line":27,"column":15}},"13":{"start":{"line":33,"column":2},"end":{"line":37,"column":3}},"14":{"start":{"line":40,"column":19},"end":{"line":40,"column":37}},"15":{"start":{"line":42,"column":27},"end":{"line":48,"column":1}}},"fnMap":{"0":{"name":"(anonymous_0)","decl":{"start":{"line":7,"column":22},"end":{"line":7,"column":23}},"loc":{"start":{"line":7,"column":110},"end":{"line":38,"column":1}},"line":7},"1":{"name":"(anonymous_1)","decl":{"start":{"line":8,"column":22},"end":{"line":8,"column":23}},"loc":{"start":{"line":8,"column":28},"end":{"line":31,"column":3}},"line":8}},"branchMap":{"0":{"loc":{"start":{"line":9,"column":4},"end":{"line":30,"column":5}},"type":"if","locations":[{"start":{"line":9,"column":4},"end":{"line":30,"column":5}},{"start":{"line":9,"column":4},"end":{"line":30,"column":5}}],"line":9},"1":{"loc":{"start":{"line":12,"column":6},"end":{"line":29,"column":7}},"type":"switch","locations":[{"start":{"line":13,"column":8},"end":{"line":16,"column":9}},{"start":{"line":17,"column":8},"end":{"line":20,"column":9}},{"start":{"line":21,"column":8},"end":{"line":24,"column":9}},{"start":{"line":25,"column":8},"end":{"line":28,"column":9}}],"line":12},"2":{"loc":{"start":{"line":34,"column":70},"end":{"line":34,"column":88}},"type":"cond-expr","locations":[{"start":{"line":34,"column":83},"end":{"line":34,"column":84}},{"start":{"line":34,"column":87},"end":{"line":34,"column":88}}],"line":34}},"s":{"0":3,"1":6,"2":5,"3":1,"4":4,"5":1,"6":1,"7":1,"8":1,"9":1,"10":1,"11":1,"12":1,"13":6,"14":3,"15":3},"f":{"0":6,"1":5},"b":{"0":[1,4],"1":[1,1,1,1],"2":[2,4]},"_coverageSchema":"43e27e138ebf9cfc5966b082cf9a028302ed4184","hash":"341514ca2260c8b090d01c718109acb0300fb668"}
,"/Users/nguyenquangminh/Desktop/RNCalculator/src/Screen.js": {"path":"/Users/nguyenquangminh/Desktop/RNCalculator/src/Screen.js","statementMap":{"0":{"start":{"line":8,"column":22},"end":{"line":45,"column":1}},"1":{"start":{"line":9,"column":38},"end":{"line":9,"column":49}},"2":{"start":{"line":11,"column":23},"end":{"line":11,"column":67}},"3":{"start":{"line":12,"column":24},"end":{"line":12,"column":107}},"4":{"start":{"line":13,"column":19},"end":{"line":13,"column":115}},"5":{"start":{"line":15,"column":2},"end":{"line":44,"column":3}},"6":{"start":{"line":24,"column":12},"end":{"line":31,"column":13}},"7":{"start":{"line":28,"column":18},"end":{"line":28,"column":51}},"8":{"start":{"line":38,"column":14},"end":{"line":38,"column":58}},"9":{"start":{"line":46,"column":24},"end":{"line":48,"column":2}},"10":{"start":{"line":46,"column":34},"end":{"line":48,"column":1}}},"fnMap":{"0":{"name":"(anonymous_0)","decl":{"start":{"line":8,"column":22},"end":{"line":8,"column":23}},"loc":{"start":{"line":8,"column":43},"end":{"line":45,"column":1}},"line":8},"1":{"name":"(anonymous_1)","decl":{"start":{"line":23,"column":36},"end":{"line":23,"column":37}},"loc":{"start":{"line":23,"column":52},"end":{"line":32,"column":11}},"line":23},"2":{"name":"(anonymous_2)","decl":{"start":{"line":27,"column":25},"end":{"line":27,"column":26}},"loc":{"start":{"line":28,"column":18},"end":{"line":28,"column":51}},"line":28},"3":{"name":"(anonymous_3)","decl":{"start":{"line":36,"column":40},"end":{"line":36,"column":41}},"loc":{"start":{"line":38,"column":14},"end":{"line":38,"column":58}},"line":38},"4":{"name":"(anonymous_4)","decl":{"start":{"line":46,"column":24},"end":{"line":46,"column":25}},"loc":{"start":{"line":46,"column":34},"end":{"line":48,"column":1}},"line":46}},"branchMap":{"0":{"loc":{"start":{"line":12,"column":24},"end":{"line":12,"column":107}},"type":"cond-expr","locations":[{"start":{"line":12,"column":65},"end":{"line":12,"column":85}},{"start":{"line":12,"column":88},"end":{"line":12,"column":107}}],"line":12},"1":{"loc":{"start":{"line":13,"column":19},"end":{"line":13,"column":115}},"type":"cond-expr","locations":[{"start":{"line":13,"column":52},"end":{"line":13,"column":102}},{"start":{"line":13,"column":105},"end":{"line":13,"column":115}}],"line":13}},"s":{"0":2,"1":2,"2":2,"3":2,"4":2,"5":2,"6":8,"7":24,"8":10,"9":2,"10":0},"f":{"0":2,"1":8,"2":24,"3":10,"4":0},"b":{"0":[1,1],"1":[1,1]},"_coverageSchema":"43e27e138ebf9cfc5966b082cf9a028302ed4184","hash":"1cec215c3348a20718a3af84d8eb3e0e1931d49e"}
,"/Users/nguyenquangminh/Desktop/RNCalculator/src/actions.js": {"path":"/Users/nguyenquangminh/Desktop/RNCalculator/src/actions.js","statementMap":{"0":{"start":{"line":3,"column":27},"end":{"line":5,"column":1}},"1":{"start":{"line":4,"column":2},"end":{"line":4,"column":43}},"2":{"start":{"line":7,"column":29},"end":{"line":9,"column":1}},"3":{"start":{"line":8,"column":2},"end":{"line":8,"column":49}},"4":{"start":{"line":11,"column":26},"end":{"line":13,"column":1}},"5":{"start":{"line":12,"column":2},"end":{"line":12,"column":30}},"6":{"start":{"line":15,"column":26},"end":{"line":17,"column":1}},"7":{"start":{"line":16,"column":2},"end":{"line":16,"column":30}},"8":{"start":{"line":19,"column":24},"end":{"line":21,"column":1}},"9":{"start":{"line":20,"column":2},"end":{"line":20,"column":28}}},"fnMap":{"0":{"name":"(anonymous_0)","decl":{"start":{"line":3,"column":27},"end":{"line":3,"column":28}},"loc":{"start":{"line":3,"column":41},"end":{"line":5,"column":1}},"line":3},"1":{"name":"(anonymous_1)","decl":{"start":{"line":7,"column":29},"end":{"line":7,"column":30}},"loc":{"start":{"line":7,"column":47},"end":{"line":9,"column":1}},"line":7},"2":{"name":"(anonymous_2)","decl":{"start":{"line":11,"column":26},"end":{"line":11,"column":27}},"loc":{"start":{"line":11,"column":32},"end":{"line":13,"column":1}},"line":11},"3":{"name":"(anonymous_3)","decl":{"start":{"line":15,"column":26},"end":{"line":15,"column":27}},"loc":{"start":{"line":15,"column":32},"end":{"line":17,"column":1}},"line":15},"4":{"name":"(anonymous_4)","decl":{"start":{"line":19,"column":24},"end":{"line":19,"column":25}},"loc":{"start":{"line":19,"column":30},"end":{"line":21,"column":1}},"line":19}},"branchMap":{},"s":{"0":4,"1":1,"2":4,"3":1,"4":4,"5":1,"6":4,"7":1,"8":4,"9":1},"f":{"0":1,"1":1,"2":1,"3":1,"4":1},"b":{},"_coverageSchema":"43e27e138ebf9cfc5966b082cf9a028302ed4184","hash":"c22e395c79793e90a52c25f8710703035f68c83f"}
,"/Users/nguyenquangminh/Desktop/RNCalculator/src/constants.js": {"path":"/Users/nguyenquangminh/Desktop/RNCalculator/src/constants.js","statementMap":{"0":{"start":{"line":4,"column":23},"end":{"line":7,"column":1}},"1":{"start":{"line":8,"column":28},"end":{"line":16,"column":1}},"2":{"start":{"line":17,"column":28},"end":{"line":17,"column":42}},"3":{"start":{"line":18,"column":30},"end":{"line":18,"column":46}},"4":{"start":{"line":19,"column":27},"end":{"line":19,"column":40}},"5":{"start":{"line":20,"column":25},"end":{"line":20,"column":36}},"6":{"start":{"line":21,"column":27},"end":{"line":21,"column":40}},"7":{"start":{"line":22,"column":32},"end":{"line":22,"column":33}},"8":{"start":{"line":23,"column":30},"end":{"line":23,"column":31}},"9":{"start":{"line":24,"column":26},"end":{"line":24,"column":28}},"10":{"start":{"line":25,"column":28},"end":{"line":30,"column":4}},"11":{"start":{"line":26,"column":2},"end":{"line":30,"column":4}},"12":{"start":{"line":32,"column":28},"end":{"line":39,"column":1}},"13":{"start":{"line":33,"column":20},"end":{"line":33,"column":22}},"14":{"start":{"line":34,"column":2},"end":{"line":34,"column":59}},"15":{"start":{"line":35,"column":2},"end":{"line":35,"column":123}},"16":{"start":{"line":36,"column":2},"end":{"line":36,"column":146}},"17":{"start":{"line":37,"column":2},"end":{"line":37,"column":91}},"18":{"start":{"line":38,"column":2},"end":{"line":38,"column":20}},"19":{"start":{"line":41,"column":35},"end":{"line":58,"column":1}},"20":{"start":{"line":42,"column":21},"end":{"line":42,"column":23}},"21":{"start":{"line":43,"column":2},"end":{"line":50,"column":3}},"22":{"start":{"line":44,"column":4},"end":{"line":44,"column":30}},"23":{"start":{"line":46,"column":23},"end":{"line":46,"column":58}},"24":{"start":{"line":47,"column":24},"end":{"line":47,"column":45}},"25":{"start":{"line":48,"column":26},"end":{"line":48,"column":68}},"26":{"start":{"line":49,"column":4},"end":{"line":49,"column":108}},"27":{"start":{"line":52,"column":23},"end":{"line":52,"column":46}},"28":{"start":{"line":53,"column":20},"end":{"line":53,"column":35}},"29":{"start":{"line":54,"column":2},"end":{"line":54,"column":127}},"30":{"start":{"line":55,"column":2},"end":{"line":55,"column":94}},"31":{"start":{"line":56,"column":2},"end":{"line":56,"column":81}},"32":{"start":{"line":57,"column":2},"end":{"line":57,"column":21}}},"fnMap":{"0":{"name":"(anonymous_0)","decl":{"start":{"line":25,"column":28},"end":{"line":25,"column":29}},"loc":{"start":{"line":26,"column":2},"end":{"line":30,"column":4}},"line":26},"1":{"name":"(anonymous_1)","decl":{"start":{"line":32,"column":28},"end":{"line":32,"column":29}},"loc":{"start":{"line":32,"column":43},"end":{"line":39,"column":1}},"line":32},"2":{"name":"(anonymous_2)","decl":{"start":{"line":41,"column":35},"end":{"line":41,"column":36}},"loc":{"start":{"line":41,"column":64},"end":{"line":58,"column":1}},"line":41}},"branchMap":{"0":{"loc":{"start":{"line":35,"column":16},"end":{"line":35,"column":123}},"type":"cond-expr","locations":[{"start":{"line":35,"column":56},"end":{"line":35,"column":109}},{"start":{"line":35,"column":112},"end":{"line":35,"column":123}}],"line":35},"1":{"loc":{"start":{"line":36,"column":16},"end":{"line":36,"column":146}},"type":"cond-expr","locations":[{"start":{"line":36,"column":75},"end":{"line":36,"column":132}},{"start":{"line":36,"column":135},"end":{"line":36,"column":146}}],"line":36},"2":{"loc":{"start":{"line":37,"column":16},"end":{"line":37,"column":91}},"type":"cond-expr","locations":[{"start":{"line":37,"column":70},"end":{"line":37,"column":77}},{"start":{"line":37,"column":80},"end":{"line":37,"column":91}}],"line":37},"3":{"loc":{"start":{"line":37,"column":16},"end":{"line":37,"column":67}},"type":"binary-expr","locations":[{"start":{"line":37,"column":16},"end":{"line":37,"column":42}},{"start":{"line":37,"column":46},"end":{"line":37,"column":67}}],"line":37},"4":{"loc":{"start":{"line":43,"column":2},"end":{"line":50,"column":3}},"type":"if","locations":[{"start":{"line":43,"column":2},"end":{"line":50,"column":3}},{"start":{"line":43,"column":2},"end":{"line":50,"column":3}}],"line":43},"5":{"loc":{"start":{"line":49,"column":19},"end":{"line":49,"column":108}},"type":"cond-expr","locations":[{"start":{"line":49,"column":35},"end":{"line":49,"column":70}},{"start":{"line":49,"column":73},"end":{"line":49,"column":108}}],"line":49},"6":{"loc":{"start":{"line":54,"column":16},"end":{"line":54,"column":127}},"type":"cond-expr","locations":[{"start":{"line":54,"column":75},"end":{"line":54,"column":86}},{"start":{"line":54,"column":89},"end":{"line":54,"column":127}}],"line":54},"7":{"loc":{"start":{"line":54,"column":16},"end":{"line":54,"column":72}},"type":"binary-expr","locations":[{"start":{"line":54,"column":16},"end":{"line":54,"column":45}},{"start":{"line":54,"column":49},"end":{"line":54,"column":72}}],"line":54},"8":{"loc":{"start":{"line":55,"column":17},"end":{"line":55,"column":94}},"type":"cond-expr","locations":[{"start":{"line":55,"column":45},"end":{"line":55,"column":80}},{"start":{"line":55,"column":83},"end":{"line":55,"column":94}}],"line":55},"9":{"loc":{"start":{"line":56,"column":17},"end":{"line":56,"column":81}},"type":"cond-expr","locations":[{"start":{"line":56,"column":50},"end":{"line":56,"column":66}},{"start":{"line":56,"column":69},"end":{"line":56,"column":81}}],"line":56}},"s":{"0":6,"1":6,"2":6,"3":6,"4":6,"5":6,"6":6,"7":6,"8":6,"9":6,"10":6,"11":2,"12":6,"13":2,"14":2,"15":2,"16":2,"17":2,"18":2,"19":6,"20":6,"21":6,"22":4,"23":2,"24":2,"25":2,"26":2,"27":6,"28":6,"29":6,"30":6,"31":6,"32":6},"f":{"0":2,"1":2,"2":6},"b":{"0":[0,2],"1":[0,2],"2":[0,2],"3":[2,2],"4":[4,2],"5":[1,1],"6":[1,5],"7":[6,6],"8":[0,6],"9":[0,6]},"_coverageSchema":"43e27e138ebf9cfc5966b082cf9a028302ed4184","hash":"9be41bdfb5680a519daa4b3e01725eff5172b997"}
,"/Users/nguyenquangminh/Desktop/RNCalculator/src/reducer.js": {"path":"/Users/nguyenquangminh/Desktop/RNCalculator/src/reducer.js","statementMap":{"0":{"start":{"line":3,"column":28},"end":{"line":8,"column":1}},"1":{"start":{"line":9,"column":27},"end":{"line":107,"column":1}},"2":{"start":{"line":10,"column":2},"end":{"line":106,"column":3}},"3":{"start":{"line":12,"column":54},"end":{"line":12,"column":59}},"4":{"start":{"line":13,"column":29},"end":{"line":13,"column":45}},"5":{"start":{"line":14,"column":27},"end":{"line":14,"column":91}},"6":{"start":{"line":15,"column":24},"end":{"line":15,"column":85}},"7":{"start":{"line":17,"column":6},"end":{"line":19,"column":7}},"8":{"start":{"line":18,"column":8},"end":{"line":18,"column":20}},"9":{"start":{"line":21,"column":6},"end":{"line":28,"column":7}},"10":{"start":{"line":32,"column":33},"end":{"line":32,"column":39}},"11":{"start":{"line":33,"column":27},"end":{"line":33,"column":32}},"12":{"start":{"line":34,"column":33},"end":{"line":34,"column":53}},"13":{"start":{"line":36,"column":6},"end":{"line":57,"column":7}},"14":{"start":{"line":37,"column":26},"end":{"line":37,"column":91}},"15":{"start":{"line":38,"column":8},"end":{"line":38,"column":88}},"16":{"start":{"line":39,"column":8},"end":{"line":44,"column":9}},"17":{"start":{"line":47,"column":8},"end":{"line":54,"column":9}},"18":{"start":{"line":48,"column":10},"end":{"line":53,"column":11}},"19":{"start":{"line":56,"column":8},"end":{"line":56,"column":20}},"20":{"start":{"line":61,"column":43},"end":{"line":61,"column":48}},"21":{"start":{"line":63,"column":6},"end":{"line":65,"column":7}},"22":{"start":{"line":64,"column":8},"end":{"line":64,"column":67}},"23":{"start":{"line":67,"column":24},"end":{"line":67,"column":108}},"24":{"start":{"line":68,"column":6},"end":{"line":68,"column":45}},"25":{"start":{"line":69,"column":6},"end":{"line":75,"column":7}},"26":{"start":{"line":79,"column":46},"end":{"line":79,"column":51}},"27":{"start":{"line":81,"column":6},"end":{"line":88,"column":7}},"28":{"start":{"line":82,"column":8},"end":{"line":87,"column":9}},"29":{"start":{"line":89,"column":6},"end":{"line":97,"column":11}},"30":{"start":{"line":101,"column":6},"end":{"line":101,"column":25}},"31":{"start":{"line":105,"column":6},"end":{"line":105,"column":18}}},"fnMap":{"0":{"name":"(anonymous_0)","decl":{"start":{"line":9,"column":27},"end":{"line":9,"column":28}},"loc":{"start":{"line":9,"column":61},"end":{"line":107,"column":1}},"line":9}},"branchMap":{"0":{"loc":{"start":{"line":9,"column":28},"end":{"line":9,"column":48}},"type":"default-arg","locations":[{"start":{"line":9,"column":36},"end":{"line":9,"column":48}}],"line":9},"1":{"loc":{"start":{"line":10,"column":2},"end":{"line":106,"column":3}},"type":"switch","locations":[{"start":{"line":11,"column":4},"end":{"line":29,"column":5}},{"start":{"line":31,"column":4},"end":{"line":58,"column":5}},{"start":{"line":60,"column":4},"end":{"line":76,"column":5}},{"start":{"line":78,"column":4},"end":{"line":98,"column":5}},{"start":{"line":100,"column":4},"end":{"line":102,"column":5}},{"start":{"line":104,"column":4},"end":{"line":105,"column":18}}],"line":10},"2":{"loc":{"start":{"line":14,"column":27},"end":{"line":14,"column":91}},"type":"cond-expr","locations":[{"start":{"line":14,"column":44},"end":{"line":14,"column":86}},{"start":{"line":14,"column":89},"end":{"line":14,"column":91}}],"line":14},"3":{"loc":{"start":{"line":17,"column":6},"end":{"line":19,"column":7}},"type":"if","locations":[{"start":{"line":17,"column":6},"end":{"line":19,"column":7}},{"start":{"line":17,"column":6},"end":{"line":19,"column":7}}],"line":17},"4":{"loc":{"start":{"line":17,"column":10},"end":{"line":17,"column":111}},"type":"binary-expr","locations":[{"start":{"line":17,"column":10},"end":{"line":17,"column":36}},{"start":{"line":17,"column":40},"end":{"line":17,"column":95}},{"start":{"line":17,"column":99},"end":{"line":17,"column":111}}],"line":17},"5":{"loc":{"start":{"line":25,"column":10},"end":{"line":27,"column":48}},"type":"cond-expr","locations":[{"start":{"line":26,"column":14},"end":{"line":26,"column":39}},{"start":{"line":27,"column":14},"end":{"line":27,"column":48}}],"line":25},"6":{"loc":{"start":{"line":25,"column":10},"end":{"line":25,"column":79}},"type":"binary-expr","locations":[{"start":{"line":25,"column":10},"end":{"line":25,"column":32}},{"start":{"line":25,"column":37},"end":{"line":25,"column":48}},{"start":{"line":25,"column":52},"end":{"line":25,"column":67}},{"start":{"line":25,"column":71},"end":{"line":25,"column":78}}],"line":25},"7":{"loc":{"start":{"line":36,"column":6},"end":{"line":57,"column":7}},"type":"if","locations":[{"start":{"line":36,"column":6},"end":{"line":57,"column":7}},{"start":{"line":36,"column":6},"end":{"line":57,"column":7}}],"line":36},"8":{"loc":{"start":{"line":37,"column":26},"end":{"line":37,"column":91}},"type":"binary-expr","locations":[{"start":{"line":37,"column":26},"end":{"line":37,"column":44}},{"start":{"line":37,"column":48},"end":{"line":37,"column":91}}],"line":37},"9":{"loc":{"start":{"line":38,"column":21},"end":{"line":38,"column":88}},"type":"cond-expr","locations":[{"start":{"line":38,"column":33},"end":{"line":38,"column":75}},{"start":{"line":38,"column":78},"end":{"line":38,"column":88}}],"line":38},"10":{"loc":{"start":{"line":47,"column":8},"end":{"line":54,"column":9}},"type":"if","locations":[{"start":{"line":47,"column":8},"end":{"line":54,"column":9}},{"start":{"line":47,"column":8},"end":{"line":54,"column":9}}],"line":47},"11":{"loc":{"start":{"line":63,"column":6},"end":{"line":65,"column":7}},"type":"if","locations":[{"start":{"line":63,"column":6},"end":{"line":65,"column":7}},{"start":{"line":63,"column":6},"end":{"line":65,"column":7}}],"line":63},"12":{"loc":{"start":{"line":67,"column":29},"end":{"line":67,"column":107}},"type":"cond-expr","locations":[{"start":{"line":67,"column":71},"end":{"line":67,"column":94}},{"start":{"line":67,"column":97},"end":{"line":67,"column":107}}],"line":67},"13":{"loc":{"start":{"line":81,"column":6},"end":{"line":88,"column":7}},"type":"if","locations":[{"start":{"line":81,"column":6},"end":{"line":88,"column":7}},{"start":{"line":81,"column":6},"end":{"line":88,"column":7}}],"line":81},"14":{"loc":{"start":{"line":81,"column":10},"end":{"line":81,"column":40}},"type":"binary-expr","locations":[{"start":{"line":81,"column":10},"end":{"line":81,"column":21}},{"start":{"line":81,"column":25},"end":{"line":81,"column":40}}],"line":81},"15":{"loc":{"start":{"line":89,"column":13},"end":{"line":97,"column":11}},"type":"cond-expr","locations":[{"start":{"line":90,"column":10},"end":{"line":90,"column":15}},{"start":{"line":91,"column":10},"end":{"line":97,"column":11}}],"line":89},"16":{"loc":{"start":{"line":95,"column":24},"end":{"line":95,"column":102}},"type":"cond-expr","locations":[{"start":{"line":95,"column":61},"end":{"line":95,"column":77}},{"start":{"line":95,"column":80},"end":{"line":95,"column":102}}],"line":95}},"s":{"0":4,"1":4,"2":17,"3":4,"4":4,"5":4,"6":4,"7":4,"8":1,"9":3,"10":4,"11":4,"12":4,"13":4,"14":2,"15":2,"16":2,"17":2,"18":1,"19":1,"20":3,"21":3,"22":1,"23":2,"24":2,"25":2,"26":3,"27":3,"28":1,"29":2,"30":1,"31":2},"f":{"0":17},"b":{"0":[3],"1":[4,4,3,3,1,2],"2":[1,3],"3":[1,3],"4":[4,4,1],"5":[2,1],"6":[3,2,1,1],"7":[2,2],"8":[2,1],"9":[1,1],"10":[1,1],"11":[1,2],"12":[1,1],"13":[1,2],"14":[3,1],"15":[1,1],"16":[0,1]},"_coverageSchema":"43e27e138ebf9cfc5966b082cf9a028302ed4184","hash":"39ad553b61c275a4554480482e79af0cff0c34e8"}
,"/Users/nguyenquangminh/Desktop/RNCalculator/src/styles.js": {"path":"/Users/nguyenquangminh/Desktop/RNCalculator/src/styles.js","statementMap":{},"fnMap":{},"branchMap":{},"s":{},"f":{},"b":{},"_coverageSchema":"43e27e138ebf9cfc5966b082cf9a028302ed4184","hash":"64739ad1a31b254a51bd9e05543e8ce38e98f11d"}
}
