TN:
SF:/Users/nguyenquangminh/Desktop/RNCalculator/App.js
FN:9,App
FNF:1
FNH:1
FNDA:1,App
DA:7,1
DA:10,1
LF:2
LH:2
BRF:0
BRH:0
end_of_record
TN:
SF:/Users/nguyenquangminh/Desktop/RNCalculator/src/Button.js
FN:7,(anonymous_0)
FN:8,(anonymous_1)
FNF:2
FNH:2
FNDA:6,(anonymous_0)
FNDA:5,(anonymous_1)
DA:7,3
DA:8,6
DA:9,5
DA:10,1
DA:12,4
DA:14,1
DA:15,1
DA:18,1
DA:19,1
DA:22,1
DA:23,1
DA:26,1
DA:27,1
DA:33,6
DA:40,3
DA:42,3
LF:16
LH:16
BRDA:9,0,0,1
BRDA:9,0,1,4
BRDA:12,1,0,1
BRDA:12,1,1,1
BRDA:12,1,2,1
BRDA:12,1,3,1
BRDA:34,2,0,2
BRDA:34,2,1,4
BRF:8
BRH:8
end_of_record
TN:
SF:/Users/nguyenquangminh/Desktop/RNCalculator/src/Screen.js
FN:8,(anonymous_0)
FN:23,(anonymous_1)
FN:27,(anonymous_2)
FN:36,(anonymous_3)
FN:46,(anonymous_4)
FNF:5
FNH:4
FNDA:2,(anonymous_0)
FNDA:8,(anonymous_1)
FNDA:24,(anonymous_2)
FNDA:10,(anonymous_3)
FNDA:0,(anonymous_4)
DA:8,2
DA:9,2
DA:11,2
DA:12,2
DA:13,2
DA:15,2
DA:24,8
DA:28,24
DA:38,10
DA:46,2
LF:10
LH:10
BRDA:12,0,0,1
BRDA:12,0,1,1
BRDA:13,1,0,1
BRDA:13,1,1,1
BRF:4
BRH:4
end_of_record
TN:
SF:/Users/nguyenquangminh/Desktop/RNCalculator/src/actions.js
FN:3,(anonymous_0)
FN:7,(anonymous_1)
FN:11,(anonymous_2)
FN:15,(anonymous_3)
FN:19,(anonymous_4)
FNF:5
FNH:5
FNDA:1,(anonymous_0)
FNDA:1,(anonymous_1)
FNDA:1,(anonymous_2)
FNDA:1,(anonymous_3)
FNDA:1,(anonymous_4)
DA:3,4
DA:4,1
DA:7,4
DA:8,1
DA:11,4
DA:12,1
DA:15,4
DA:16,1
DA:19,4
DA:20,1
LF:10
LH:10
BRF:0
BRH:0
end_of_record
TN:
SF:/Users/nguyenquangminh/Desktop/RNCalculator/src/constants.js
FN:25,(anonymous_0)
FN:32,(anonymous_1)
FN:41,(anonymous_2)
FNF:3
FNH:3
FNDA:2,(anonymous_0)
FNDA:2,(anonymous_1)
FNDA:6,(anonymous_2)
DA:4,6
DA:8,6
DA:17,6
DA:18,6
DA:19,6
DA:20,6
DA:21,6
DA:22,6
DA:23,6
DA:24,6
DA:25,6
DA:26,2
DA:32,6
DA:33,2
DA:34,2
DA:35,2
DA:36,2
DA:37,2
DA:38,2
DA:41,6
DA:42,6
DA:43,6
DA:44,4
DA:46,2
DA:47,2
DA:48,2
DA:49,2
DA:52,6
DA:53,6
DA:54,6
DA:55,6
DA:56,6
DA:57,6
LF:33
LH:33
BRDA:35,0,0,0
BRDA:35,0,1,2
BRDA:36,1,0,0
BRDA:36,1,1,2
BRDA:37,2,0,0
BRDA:37,2,1,2
BRDA:37,3,0,2
BRDA:37,3,1,2
BRDA:43,4,0,4
BRDA:43,4,1,2
BRDA:49,5,0,1
BRDA:49,5,1,1
BRDA:54,6,0,1
BRDA:54,6,1,5
BRDA:54,7,0,6
BRDA:54,7,1,6
BRDA:55,8,0,0
BRDA:55,8,1,6
BRDA:56,9,0,0
BRDA:56,9,1,6
BRF:20
BRH:15
end_of_record
TN:
SF:/Users/nguyenquangminh/Desktop/RNCalculator/src/reducer.js
FN:9,(anonymous_0)
FNF:1
FNH:1
FNDA:17,(anonymous_0)
DA:3,4
DA:9,4
DA:10,17
DA:12,4
DA:13,4
DA:14,4
DA:15,4
DA:17,4
DA:18,1
DA:21,3
DA:32,4
DA:33,4
DA:34,4
DA:36,4
DA:37,2
DA:38,2
DA:39,2
DA:47,2
DA:48,1
DA:56,1
DA:61,3
DA:63,3
DA:64,1
DA:67,2
DA:68,2
DA:69,2
DA:79,3
DA:81,3
DA:82,1
DA:89,2
DA:101,1
DA:105,2
LF:32
LH:32
BRDA:9,0,0,3
BRDA:10,1,0,4
BRDA:10,1,1,4
BRDA:10,1,2,3
BRDA:10,1,3,3
BRDA:10,1,4,1
BRDA:10,1,5,2
BRDA:14,2,0,1
BRDA:14,2,1,3
BRDA:17,3,0,1
BRDA:17,3,1,3
BRDA:17,4,0,4
BRDA:17,4,1,4
BRDA:17,4,2,1
BRDA:25,5,0,2
BRDA:25,5,1,1
BRDA:25,6,0,3
BRDA:25,6,1,2
BRDA:25,6,2,1
BRDA:25,6,3,1
BRDA:36,7,0,2
BRDA:36,7,1,2
BRDA:37,8,0,2
BRDA:37,8,1,1
BRDA:38,9,0,1
BRDA:38,9,1,1
BRDA:47,10,0,1
BRDA:47,10,1,1
BRDA:63,11,0,1
BRDA:63,11,1,2
BRDA:67,12,0,1
BRDA:67,12,1,1
BRDA:81,13,0,1
BRDA:81,13,1,2
BRDA:81,14,0,3
BRDA:81,14,1,1
BRDA:89,15,0,1
BRDA:89,15,1,1
BRDA:95,16,0,0
BRDA:95,16,1,1
BRF:40
BRH:39
end_of_record
TN:
SF:/Users/nguyenquangminh/Desktop/RNCalculator/src/styles.js
FNF:0
FNH:0
LF:0
LH:0
BRF:0
BRH:0
end_of_record
